Determining if the pthread_create exist failed with the following output:
Change Dir: /home/yonatanbitton/workspace/spl/ass3-TFTPServerClient/Client/cmake-build-debug/CMakeFiles/CMakeTmp

Run Build Command:"/usr/bin/make" "cmTC_1334d/fast"
/usr/bin/make -f CMakeFiles/cmTC_1334d.dir/build.make CMakeFiles/cmTC_1334d.dir/build
make[1]: Entering directory '/home/yonatanbitton/workspace/spl/ass3-TFTPServerClient/Client/cmake-build-debug/CMakeFiles/CMakeTmp'
Building C object CMakeFiles/cmTC_1334d.dir/CheckSymbolExists.c.o
/usr/bin/cc     -o CMakeFiles/cmTC_1334d.dir/CheckSymbolExists.c.o   -c /home/yonatanbitton/workspace/spl/ass3-TFTPServerClient/Client/cmake-build-debug/CMakeFiles/CMakeTmp/CheckSymbolExists.c
Linking C executable cmTC_1334d
/home/yonatanbitton/IDEs/clion-2016.3.3/bin/cmake/bin/cmake -E cmake_link_script CMakeFiles/cmTC_1334d.dir/link.txt --verbose=1
/usr/bin/cc       CMakeFiles/cmTC_1334d.dir/CheckSymbolExists.c.o  -o cmTC_1334d 
CMakeFiles/cmTC_1334d.dir/CheckSymbolExists.c.o: In function `main':
CheckSymbolExists.c:(.text+0x16): undefined reference to `pthread_create'
collect2: error: ld returned 1 exit status
CMakeFiles/cmTC_1334d.dir/build.make:97: recipe for target 'cmTC_1334d' failed
make[1]: *** [cmTC_1334d] Error 1
make[1]: Leaving directory '/home/yonatanbitton/workspace/spl/ass3-TFTPServerClient/Client/cmake-build-debug/CMakeFiles/CMakeTmp'
Makefile:126: recipe for target 'cmTC_1334d/fast' failed
make: *** [cmTC_1334d/fast] Error 2

File /home/yonatanbitton/workspace/spl/ass3-TFTPServerClient/Client/cmake-build-debug/CMakeFiles/CMakeTmp/CheckSymbolExists.c:
/* */
#include <pthread.h>

int main(int argc, char** argv)
{
  (void)argv;
#ifndef pthread_create
  return ((int*)(&pthread_create))[argc];
#else
  (void)argc;
  return 0;
#endif
}

Determining if the function pthread_create exists in the pthreads failed with the following output:
Change Dir: /home/yonatanbitton/workspace/spl/ass3-TFTPServerClient/Client/cmake-build-debug/CMakeFiles/CMakeTmp

Run Build Command:"/usr/bin/make" "cmTC_8e148/fast"
/usr/bin/make -f CMakeFiles/cmTC_8e148.dir/build.make CMakeFiles/cmTC_8e148.dir/build
make[1]: Entering directory '/home/yonatanbitton/workspace/spl/ass3-TFTPServerClient/Client/cmake-build-debug/CMakeFiles/CMakeTmp'
Building C object CMakeFiles/cmTC_8e148.dir/CheckFunctionExists.c.o
/usr/bin/cc    -DCHECK_FUNCTION_EXISTS=pthread_create   -o CMakeFiles/cmTC_8e148.dir/CheckFunctionExists.c.o   -c /home/yonatanbitton/IDEs/clion-2016.3.3/bin/cmake/share/cmake-3.6/Modules/CheckFunctionExists.c
Linking C executable cmTC_8e148
/home/yonatanbitton/IDEs/clion-2016.3.3/bin/cmake/bin/cmake -E cmake_link_script CMakeFiles/cmTC_8e148.dir/link.txt --verbose=1
/usr/bin/cc   -DCHECK_FUNCTION_EXISTS=pthread_create    CMakeFiles/cmTC_8e148.dir/CheckFunctionExists.c.o  -o cmTC_8e148 -lpthreads 
/usr/bin/ld: cannot find -lpthreads
collect2: error: ld returned 1 exit status
CMakeFiles/cmTC_8e148.dir/build.make:97: recipe for target 'cmTC_8e148' failed
make[1]: *** [cmTC_8e148] Error 1
make[1]: Leaving directory '/home/yonatanbitton/workspace/spl/ass3-TFTPServerClient/Client/cmake-build-debug/CMakeFiles/CMakeTmp'
Makefile:126: recipe for target 'cmTC_8e148/fast' failed
make: *** [cmTC_8e148/fast] Error 2


